<?xml version="1.0" encoding="UTF-8"?>
<!-- Generated by org.testng.reporters.JUnitReportReporter -->
<testsuite hostname="DESKTOP-FRV6BVL" failures="0" tests="7" name="byjusTestPack.HomePageTest" time="0.566" errors="0" timestamp="2022-11-17T19:28:52 IST" skipped="0">
  <testcase classname="byjusTestPack.HomePageTest" name="assertAll" time="0.001"/>
  <system-out/>
  <testcase classname="byjusTestPack.HomePageTest" name="TC001" time="0.019"/>
  <system-out/>
  <testcase classname="byjusTestPack.HomePageTest" name="TC003" time="0.353"/>
  <system-out/>
  <testcase classname="byjusTestPack.HomePageTest" name="TC006" time="0.050"/>
  <system-out/>
  <testcase classname="byjusTestPack.HomePageTest" name="TC004" time="0.059"/>
  <system-out/>
  <testcase classname="byjusTestPack.HomePageTest" name="TC005" time="0.025"/>
  <system-out/>
  <testcase classname="byjusTestPack.HomePageTest" name="TC002" time="0.059"/>
  <system-out/>
</testsuite> <!-- byjusTestPack.HomePageTest -->
